<?xml version="1.0" encoding="UTF-8"?>
<testsuite xmlns:xsi="http://www.w3.org/2001/XMLSchema-instance" xsi:noNamespaceSchemaLocation="https://maven.apache.org/surefire/maven-surefire-plugin/xsd/surefire-test-report.xsd" version="3.0.2" name="com.nimanotes.integration.DataIntegrityIntegrationTest" time="7.648" tests="1" errors="0" skipped="0" failures="0">
  <properties>
[...]
</properties>
  <testcase name="dataRoundTripPreservesContentExactly" classname="com.nimanotes.integration.DataIntegrityIntegrationTest" time="0.993">
    <system-out><![CDATA[16:02:30.269 [main] INFO org.springframework.test.context.support.AnnotationConfigContextLoaderUtils -- Could not detect default configuration classes for test class [com.nimanotes.integration.DataIntegrityIntegrationTest]: DataIntegrityIntegrationTest does not declare any static, non-private, non-final, nested classes annotated with @Configuration.
16:02:30.514 [main] INFO org.springframework.boot.test.context.SpringBootTestContextBootstrapper -- Found @SpringBootConfiguration com.nimanotes.NiMaNotesApplication for test class com.nimanotes.integration.DataIntegrityIntegrationTest

  .   ____          _            __ _ _
 /\\ / ___'_ __ _ _(_)_ __  __ _ \ \ \ \
( ( )\___ | '_ | '_| | '_ \/ _` | \ \ \ \
 \\/  ___)| |_)| | | | | || (_| |  ) ) ) )
  '  |____| .__|_| |_|_| |_\__, | / / / /
 =========|_|==============|___/=/_/_/_/

 :: Spring Boot ::                (v3.4.0)

2026-09-15T16:02:31.220+02:00  INFO 32668 --- [           main] c.n.i.DataIntegrityIntegrationTest       : Starting DataIntegrityIntegrationTest using Java 26.0.2.1 with PID 32668 (started by N. Seiler in C:\Users\N. Seiler\NiMaNotes)
2026-09-15T16:02:31.222+02:00  INFO 32668 --- [           main] c.n.i.DataIntegrityIntegrationTest       : No active profile set, falling back to 1 default profile: "default"
2026-09-15T16:02:31.866+02:00  INFO 32668 --- [           main] .s.d.r.c.RepositoryConfigurationDelegate : Bootstrapping Spring Data JPA repositories in DEFAULT mode.
2026-09-15T16:02:32.194+02:00  INFO 32668 --- [           main] .s.d.r.c.RepositoryConfigurationDelegate : Finished Spring Data repository scanning in 310 ms. Found 3 JPA repository interfaces.
2026-09-15T16:02:32.294+02:00  INFO 32668 --- [           main] beddedDataSourceBeanFactoryPostProcessor : Replacing 'dataSource' DataSource bean with embedded version
2026-09-15T16:02:32.613+02:00  INFO 32668 --- [           main] o.s.j.d.e.EmbeddedDatabaseFactory        : Starting embedded database: url='jdbc:h2:mem:1adb0b6a-9714-4db8-999b-c47a9a327e7e;DB_CLOSE_DELAY=-1;DB_CLOSE_ON_EXIT=false', username='sa'
2026-09-15T16:02:33.121+02:00  INFO 32668 --- [           main] o.hibernate.jpa.internal.util.LogHelper  : HHH000204: Processing PersistenceUnitInfo [name: default]
2026-09-15T16:02:33.280+02:00  INFO 32668 --- [           main] org.hibernate.Version                    : HHH000412: Hibernate ORM core version 6.6.2.Final
2026-09-15T16:02:33.351+02:00  INFO 32668 --- [           main] o.h.c.internal.RegionFactoryInitiator    : HHH000026: Second-level cache disabled
2026-09-15T16:02:33.915+02:00  INFO 32668 --- [           main] o.s.o.j.p.SpringPersistenceUnitInfo      : No LoadTimeWeaver setup: ignoring JPA class transformer
2026-09-15T16:02:34.007+02:00  WARN 32668 --- [           main] org.hibernate.orm.deprecation            : HHH90000025: H2Dialect does not need to be specified explicitly using 'hibernate.dialect' (remove the property setting and it will be selected by default)
2026-09-15T16:02:34.048+02:00  INFO 32668 --- [           main] org.hibernate.orm.connections.pooling    : HHH10001005: Database info:
	Database JDBC URL [Connecting through datasource 'org.springframework.jdbc.datasource.embedded.EmbeddedDatabaseFactory$EmbeddedDataSourceProxy@1182413a']
	Database driver: undefined/unknown
	Database version: 2.3.232
	Autocommit mode: undefined/unknown
	Isolation level: undefined/unknown
	Minimum pool size: undefined/unknown
	Maximum pool size: undefined/unknown
2026-09-15T16:02:35.734+02:00  INFO 32668 --- [           main] o.h.e.t.j.p.i.JtaPlatformInitiator       : HHH000489: No JTA platform available (set 'hibernate.transaction.jta.platform' to enable JTA platform integration)
Hibernate: drop table if exists login_sessions cascade 
Hibernate: drop table if exists notes cascade 
Hibernate: drop table if exists users cascade 
Hibernate: create table login_sessions (created_at timestamp(6) with time zone not null, id bigint generated by default as identity, user_id bigint not null, session_token varchar(255) not null, primary key (id))
Hibernate: create table notes (id bigint generated by default as identity, user_id bigint not null, content varchar(2000) not null, title varchar(255) not null, primary key (id))
Hibernate: create table users (id bigint generated by default as identity, password varchar(255) not null, username varchar(255) not null unique, primary key (id))
Hibernate: alter table if exists login_sessions add constraint FKkpoyfbvelbgh15mdtfxl7dh82 foreign key (user_id) references users
Hibernate: alter table if exists notes add constraint FKechaouoa6kus6k1dpix1u91c foreign key (user_id) references users
2026-09-15T16:02:35.863+02:00  INFO 32668 --- [           main] j.LocalContainerEntityManagerFactoryBean : Initialized JPA EntityManagerFactory for persistence unit 'default'
2026-09-15T16:02:36.659+02:00  INFO 32668 --- [           main] c.n.i.DataIntegrityIntegrationTest       : Started DataIntegrityIntegrationTest in 6.034 seconds (process running for 7.933)
Hibernate: insert into users (password,username,id) values (?,?,default)
Hibernate: insert into notes (content,title,user_id,id) values (?,?,?,default)
]]></system-out>
    <system-err><![CDATA[Mockito is currently self-attaching to enable the inline-mock-maker. This will no longer work in future releases of the JDK. Please add Mockito as an agent to your build what is described in Mockito's documentation: https://javadoc.io/doc/org.mockito/mockito-core/latest/org/mockito/Mockito.html#0.3
WARNING: A Java agent has been loaded dynamically (C:\Users\N. Seiler\.m2\repository\net\bytebuddy\byte-buddy-agent\1.15.10\byte-buddy-agent-1.15.10.jar)
WARNING: If a serviceability tool is in use, please run with -XX:+EnableDynamicAgentLoading to hide this warning
WARNING: If a serviceability tool is not in use, please run with -Djdk.instrument.traceUsage for more information
WARNING: Dynamic loading of agents will be disallowed by default in a future release
]]></system-err>
  </testcase>
</testsuite>